[    4248ms] [WARNING] [Meta Pixel] - Removed URL query parameters due to potential violations. @ https://connect.facebook.net/en_US/fbevents.js:175
[    4403ms] [ERROR] Not signed in with the identity provider. @ https://rozetka.com.ua/ua/mobile-phones/c80003/preset=smartfon/#search_text=%D1%81%D0%BC%D0%B0%D1%80%D1%82%D1%84%D0%BE%D0%BD:0
[    8269ms] [WARNING] The resource https://rozetka.com.ua/h-e4d14ca2/assets/sprite/sprite.svg was preloaded using link preload but not used within a few seconds from the window's load event. Please make sure it has an appropriate `as` value and it is preloaded intentionally. @ https://rozetka.com.ua/ua/mobile-phones/c80003/preset=smartfon/#search_text=%D1%81%D0%BC%D0%B0%D1%80%D1%82%D1%84%D0%BE%D0%BD:0
[   12849ms] [WARNING] The resource https://rozetka.com.ua/h-e4d14ca2/assets/sprite/sprite.svg was preloaded using link preload but not used within a few seconds from the window's load event. Please make sure it has an appropriate `as` value and it is preloaded intentionally. @ https://rozetka.com.ua/ua/mobile-phones/c80003/preset=smartfon/#search_text=%D1%81%D0%BC%D0%B0%D1%80%D1%82%D1%84%D0%BE%D0%BD:0
[   19250ms] [WARNING] The resource https://rozetka.com.ua/h-e4d14ca2/assets/sprite/sprite.svg was preloaded using link preload but not used within a few seconds from the window's load event. Please make sure it has an appropriate `as` value and it is preloaded intentionally. @ https://rozetka.com.ua/ua/mobile-phones/c80003/preset=smartfon/#search_text=%D1%81%D0%BC%D0%B0%D1%80%D1%82%D1%84%D0%BE%D0%BD:0
[   24850ms] [WARNING] The resource https://rozetka.com.ua/h-e4d14ca2/assets/sprite/sprite.svg was preloaded using link preload but not used within a few seconds from the window's load event. Please make sure it has an appropriate `as` value and it is preloaded intentionally. @ https://rozetka.com.ua/ua/mobile-phones/c80003/preset=smartfon/#search_text=%D1%81%D0%BC%D0%B0%D1%80%D1%82%D1%84%D0%BE%D0%BD:0
[   36846ms] [ERROR] [GSI_LOGGER]: FedCM get() rejects with NetworkError: Error retrieving a token. @ https://accounts.google.com/gsi/client:81
[   37089ms] [WARNING] The resource https://rozetka.com.ua/h-e4d14ca2/assets/sprite/sprite.svg was preloaded using link preload but not used within a few seconds from the window's load event. Please make sure it has an appropriate `as` value and it is preloaded intentionally. @ https://rozetka.com.ua/ua/mobile-phones/c80003/preset=smartfon/#search_text=%D1%81%D0%BC%D0%B0%D1%80%D1%82%D1%84%D0%BE%D0%BD:0
[   85861ms] [WARNING] The resource https://rozetka.com.ua/h-e4d14ca2/assets/sprite/sprite.svg was preloaded using link preload but not used within a few seconds from the window's load event. Please make sure it has an appropriate `as` value and it is preloaded intentionally. @ https://rozetka.com.ua/ua/mobile-phones/c80003/preset=smartfon/#search_text=%D1%81%D0%BC%D0%B0%D1%80%D1%82%D1%84%D0%BE%D0%BD:0
[  125713ms] [WARNING] The resource https://rozetka.com.ua/h-e4d14ca2/assets/sprite/sprite.svg was preloaded using link preload but not used within a few seconds from the window's load event. Please make sure it has an appropriate `as` value and it is preloaded intentionally. @ https://rozetka.com.ua/ua/mobile-phones/c80003/preset=smartfon/#search_text=%D1%81%D0%BC%D0%B0%D1%80%D1%82%D1%84%D0%BE%D0%BD:0
[  146873ms] [WARNING] The resource https://rozetka.com.ua/h-e4d14ca2/assets/sprite/sprite.svg was preloaded using link preload but not used within a few seconds from the window's load event. Please make sure it has an appropriate `as` value and it is preloaded intentionally. @ https://rozetka.com.ua/ua/mobile-phones/c80003/preset=smartfon/#search_text=%D1%81%D0%BC%D0%B0%D1%80%D1%82%D1%84%D0%BE%D0%BD:0
[  207855ms] [WARNING] The resource https://rozetka.com.ua/h-e4d14ca2/assets/sprite/sprite.svg was preloaded using link preload but not used within a few seconds from the window's load event. Please make sure it has an appropriate `as` value and it is preloaded intentionally. @ https://rozetka.com.ua/ua/mobile-phones/c80003/preset=smartfon/#search_text=%D1%81%D0%BC%D0%B0%D1%80%D1%82%D1%84%D0%BE%D0%BD:0
[  245692ms] [WARNING] The resource https://rozetka.com.ua/h-e4d14ca2/assets/sprite/sprite.svg was preloaded using link preload but not used within a few seconds from the window's load event. Please make sure it has an appropriate `as` value and it is preloaded intentionally. @ https://rozetka.com.ua/ua/mobile-phones/c80003/preset=smartfon/#search_text=%D1%81%D0%BC%D0%B0%D1%80%D1%82%D1%84%D0%BE%D0%BD:0
[  269049ms] [WARNING] The resource https://rozetka.com.ua/h-e4d14ca2/assets/sprite/sprite.svg was preloaded using link preload but not used within a few seconds from the window's load event. Please make sure it has an appropriate `as` value and it is preloaded intentionally. @ https://rozetka.com.ua/ua/mobile-phones/c80003/preset=smartfon/#search_text=%D1%81%D0%BC%D0%B0%D1%80%D1%82%D1%84%D0%BE%D0%BD:0
[  323873ms] [WARNING] The resource https://rozetka.com.ua/h-e4d14ca2/assets/sprite/sprite.svg was preloaded using link preload but not used within a few seconds from the window's load event. Please make sure it has an appropriate `as` value and it is preloaded intentionally. @ https://rozetka.com.ua/ua/mobile-phones/c80003/preset=smartfon/#search_text=%D1%81%D0%BC%D0%B0%D1%80%D1%82%D1%84%D0%BE%D0%BD:0
[  337388ms] [WARNING] [Meta Pixel] - Duplicate Pixel ID: 480863978968397. @ https://connect.facebook.net/en_US/fbevents.js:175
[  337744ms] [WARNING] [Meta Pixel] - Removed parameters from custom data due to potential violations. Go to Events Manager to learn more. @ https://connect.facebook.net/en_US/fbevents.js:175
[  338005ms] [WARNING] [TikTok Pixel] - Duplicate Pixel ID
Issue: The pixel ID is duplicate. This could impact the pixel data accuracy.
Suggestion: Please double check and delete any unnecessary pixel code. @ https://analytics.tiktok.com/i18n/pixel/static/main.MTJlMjhkNzMyMQ.js:0
[  338042ms] [ERROR] Attestation check for Attribution Reporting on https://www.facebook.com failed. @ https://rozetka.com.ua/ua/samsung-sm-s731bzwieuc/p536299299/:0
[  338487ms] [ERROR] Failed to load resource: the server responded with a status of 400 () @ https://d.uuidksinc.net/match/618/?remote_uid=1451830626724109:0
[  338663ms] [ERROR] Failed to load resource: net::ERR_CERT_COMMON_NAME_INVALID @ https://cookiesyncgotham.com/trafmag442.sync?gdpr=&gdpr_consent=&us_privacy=&coppa=&uid=1451830626724109:0
[  339551ms] [WARNING] The resource https://rozetka.com.ua/h-e4d14ca2/assets/sprite/sprite.svg was preloaded using link preload but not used within a few seconds from the window's load event. Please make sure it has an appropriate `as` value and it is preloaded intentionally. @ https://rozetka.com.ua/ua/samsung-sm-s731bzwieuc/p536299299/:0
[  339652ms] [WARNING] [GSI_LOGGER]: google.accounts.id.initialize() is called multiple times. This could cause unexpected behavior and only the last initialized instance will be used. @ https://accounts.google.com/gsi/client:80
[  339669ms] [ERROR] Not signed in with the identity provider. @ https://rozetka.com.ua/ua/samsung-sm-s731bzwieuc/p536299299/:0
[  343395ms] [ERROR] [GSI_LOGGER]: FedCM get() rejects with NetworkError: Error retrieving a token. @ https://accounts.google.com/gsi/client:81
[  349384ms] [WARNING] The resource https://rozetka.com.ua/h-e4d14ca2/assets/sprite/sprite.svg was preloaded using link preload but not used within a few seconds from the window's load event. Please make sure it has an appropriate `as` value and it is preloaded intentionally. @ https://rozetka.com.ua/ua/samsung-sm-s731bzwieuc/p536299299/:0
[  365709ms] [WARNING] The resource https://rozetka.com.ua/h-e4d14ca2/assets/sprite/sprite.svg was preloaded using link preload but not used within a few seconds from the window's load event. Please make sure it has an appropriate `as` value and it is preloaded intentionally. @ https://rozetka.com.ua/ua/samsung-sm-s731bzwieuc/p536299299/:0
